Build started 2012-12-1 15:11:19.
     1>Project "D:\ddd\Course\ICG\ICG_HW1_2012_fall\ICG_HW1\ICG_HW1.vcxproj" on node 2 (build target(s)).
     1>InitializeBuildStatus:
         Creating "Debug\ICG_HW1.unsuccessfulbuild" because "AlwaysCreate" was specified.
       ClCompile:
         C:\Program Files\Microsoft Visual Studio 10.0\VC\bin\CL.exe /c /ZI /nologo /W3 /WX- /Od /Oy- /D WIN32 /D _DEBUG /D _CONSOLE /D _UNICODE /D UNICODE /Gm /EHsc /RTC1 /MDd /GS /fp:precise /Zc:wchar_t /Zc:forScope /Fo"Debug\\" /Fd"Debug\vc100.pdb" /Gd /TP /analyze- /errorReport:prompt main.cpp
         main.cpp
       ManifestResourceCompile:
         All outputs are up-to-date.
       Link:
         C:\Program Files\Microsoft Visual Studio 10.0\VC\bin\link.exe /ERRORREPORT:PROMPT /OUT:"D:\ddd\Course\ICG\ICG_HW1_2012_fall\Debug\ICG_HW1.exe" /INCREMENTAL /NOLOGO glu32.lib opengl32.lib glut32.lib kernel32.lib user32.lib gdi32.lib winspool.lib comdlg32.lib advapi32.lib shell32.lib ole32.lib oleaut32.lib uuid.lib odbc32.lib odbccp32.lib /MANIFEST /ManifestFile:"Debug\ICG_HW1.exe.intermediate.manifest" /MANIFESTUAC:"level='asInvoker' uiAccess='false'" /DEBUG /PDB:"D:\ddd\Course\ICG\ICG_HW1_2012_fall\Debug\ICG_HW1.pdb" /SUBSYSTEM:CONSOLE /TLBID:1 /DYNAMICBASE /NXCOMPAT /IMPLIB:"D:\ddd\Course\ICG\ICG_HW1_2012_fall\Debug\ICG_HW1.lib" /MACHINE:X86 Debug\ICG_HW1.exe.embed.manifest.res
         Debug\main.obj
         Debug\TRIModel.obj
         Debug\utils.obj
       Manifest:
         C:\Program Files\Microsoft SDKs\Windows\v7.0A\bin\mt.exe /nologo /verbose /out:"Debug\ICG_HW1.exe.embed.manifest" /manifest Debug\ICG_HW1.exe.intermediate.manifest
         All outputs are up-to-date.
       LinkEmbedManifest:
         All outputs are up-to-date.
         ICG_HW1.vcxproj -> D:\ddd\Course\ICG\ICG_HW1_2012_fall\Debug\ICG_HW1.exe
       FinalizeBuildStatus:
         Deleting file "Debug\ICG_HW1.unsuccessfulbuild".
         Touching "Debug\ICG_HW1.lastbuildstate".
     1>Done Building Project "D:\ddd\Course\ICG\ICG_HW1_2012_fall\ICG_HW1\ICG_HW1.vcxproj" (build target(s)).

Build succeeded.

Time Elapsed 00:00:09.18
