D:\DDD\COURSE\ICG\HW2\DDD\DEBUG\ICG_HW2_R99922020.EXE
D:\DDD\COURSE\ICG\HW2\DDD\DEBUG\ICG_HW2_R99922020.ILK
D:\DDD\COURSE\ICG\HW2\DDD\DEBUG\ICG_HW2_R99922020.PDB
D:\ddd\Course\ICG\hw2\大黃cg_hw2\icg_hw2_r99922020\Debug\cl.command.1.tlog
D:\ddd\Course\ICG\hw2\大黃cg_hw2\icg_hw2_r99922020\Debug\CL.read.1.tlog
D:\ddd\Course\ICG\hw2\大黃cg_hw2\icg_hw2_r99922020\Debug\CL.write.1.tlog
D:\DDD\COURSE\ICG\HW2\大黃CG_HW2\ICG_HW2_R99922020\DEBUG\ICG_HW2_R99922020.EXE
D:\DDD\COURSE\ICG\HW2\大黃CG_HW2\ICG_HW2_R99922020\DEBUG\ICG_HW2_R99922020.EXE.INTERMEDIATE.MANIFEST
D:\DDD\COURSE\ICG\HW2\大黃CG_HW2\ICG_HW2_R99922020\DEBUG\ICG_HW2_R99922020.ILK
D:\DDD\COURSE\ICG\HW2\大黃CG_HW2\ICG_HW2_R99922020\DEBUG\ICG_HW2_R99922020.PDB
D:\ddd\Course\ICG\hw2\大黃cg_hw2\icg_hw2_r99922020\Debug\link.command.1.tlog
D:\ddd\Course\ICG\hw2\大黃cg_hw2\icg_hw2_r99922020\Debug\link.read.1.tlog
D:\ddd\Course\ICG\hw2\大黃cg_hw2\icg_hw2_r99922020\Debug\link.write.1.tlog
D:\DDD\COURSE\ICG\HW2\大黃CG_HW2\ICG_HW2_R99922020\DEBUG\MAIN.OBJ
D:\ddd\Course\ICG\hw2\大黃cg_hw2\icg_hw2_r99922020\Debug\mt.command.1.tlog
D:\ddd\Course\ICG\hw2\大黃cg_hw2\icg_hw2_r99922020\Debug\mt.read.1.tlog
D:\ddd\Course\ICG\hw2\大黃cg_hw2\icg_hw2_r99922020\Debug\mt.write.1.tlog
D:\DDD\COURSE\ICG\HW2\大黃CG_HW2\ICG_HW2_R99922020\DEBUG\SCENE.OBJ
D:\DDD\COURSE\ICG\HW2\大黃CG_HW2\ICG_HW2_R99922020\DEBUG\SHADER.OBJ
D:\DDD\COURSE\ICG\HW2\大黃CG_HW2\ICG_HW2_R99922020\DEBUG\UTILS.OBJ
D:\ddd\Course\ICG\hw2\大黃cg_hw2\icg_hw2_r99922020\Debug\vc100.idb
D:\DDD\COURSE\ICG\HW2\大黃CG_HW2\ICG_HW2_R99922020\DEBUG\VC100.PDB
D:\ddd\Course\ICG\hw2\大黃cg_hw2\icg_hw2_r99922020\Debug\vc90.idb
D:\ddd\Course\ICG\hw2\大黃cg_hw2\icg_hw2_r99922020\Debug\vc90.pdb
