Build started 2012/12/5 下午 03:38:20.
     1>Project "D:\ddd\Course\ICG\hw2\大黃cg_hw2\icg_hw2_r99922020\icg_hw2_r99922020.vcxproj" on node 2 (build target(s)).
     1>InitializeBuildStatus:
         Creating "Debug\icg_hw2_r99922020.unsuccessfulbuild" because "AlwaysCreate" was specified.
       ClCompile:
         All outputs are up-to-date.
       Link:
         c:\Program Files (x86)\Microsoft Visual Studio 10.0\VC\bin\link.exe /ERRORREPORT:PROMPT /OUT:"D:\ddd\Course\ICG\hw2\大黃cg_hw2\icg_hw2_r99922020\Debug\icg_hw2_r99922020.exe" /NOLOGO opengl32.lib glu32.lib glut32.lib glew32.lib kernel32.lib user32.lib gdi32.lib winspool.lib comdlg32.lib advapi32.lib shell32.lib ole32.lib oleaut32.lib uuid.lib odbc32.lib odbccp32.lib /MANIFEST /ManifestFile:"Debug\icg_hw2_r99922020.exe.intermediate.manifest" /MANIFESTUAC:"level='asInvoker' uiAccess='false'" /DEBUG /PDB:"D:\ddd\Course\ICG\hw2\大黃cg_hw2\icg_hw2_r99922020\Debug\icg_hw2_r99922020.pdb" /TLBID:1 /DYNAMICBASE /NXCOMPAT /IMPLIB:"D:\ddd\Course\ICG\hw2\大黃cg_hw2\icg_hw2_r99922020\Debug\icg_hw2_r99922020.lib" /MACHINE:X86 Debug\main.obj
         Debug\scene.obj
         Debug\shader.obj
         Debug\utils.obj
         LINK : D:\ddd\Course\ICG\hw2\大黃cg_hw2\icg_hw2_r99922020\Debug\icg_hw2_r99922020.exe not found or not built by the last incremental link; performing full link
         icg_hw2_r99922020.vcxproj -> D:\ddd\Course\ICG\hw2\大黃cg_hw2\icg_hw2_r99922020\Debug\icg_hw2_r99922020.exe
       Manifest:
         C:\Program Files (x86)\Microsoft SDKs\Windows\v7.0A\bin\mt.exe /nologo /verbose /outputresource:"D:\ddd\Course\ICG\hw2\大黃cg_hw2\icg_hw2_r99922020\Debug\icg_hw2_r99922020.exe;#1" /manifest Debug\icg_hw2_r99922020.exe.intermediate.manifest
       FinalizeBuildStatus:
         Deleting file "Debug\icg_hw2_r99922020.unsuccessfulbuild".
         Touching "Debug\icg_hw2_r99922020.lastbuildstate".
     1>Done Building Project "D:\ddd\Course\ICG\hw2\大黃cg_hw2\icg_hw2_r99922020\icg_hw2_r99922020.vcxproj" (build target(s)).

Build succeeded.

Time Elapsed 00:00:00.34
